#
# A fatal error has been detected by the Java Runtime Environment:
#
#  EXCEPTION_ACCESS_VIOLATION (0xc0000005) at pc=0x0000000074b19baf, pid=10684, tid=8220
#
# JRE version: Java(TM) SE Runtime Environment (8.0_72-b15) (build 1.8.0_72-b15)
# Java VM: Java HotSpot(TM) 64-Bit Server VM (25.72-b15 mixed mode windows-amd64 compressed oops)
# Problematic frame:
# C  [atio6axx.dll+0x1819baf]
#
# Failed to write core dump. Minidumps are not enabled by default on client versions of Windows
#
# If you would like to submit a bug report, please visit:
#   http://bugreport.java.com/bugreport/crash.jsp
# The crash happened outside the Java Virtual Machine in native code.
# See problematic frame for where to report the bug.
#

---------------  T H R E A D  ---------------

Current thread (0x00000000022c1000):  JavaThread "main" [_thread_in_native, id=8220, stack(0x0000000002180000,0x0000000002280000)]

siginfo: ExceptionCode=0xc0000005, reading address 0xffffffffffffffff

Registers:
RAX=0x0000000000000000, RBX=0x0000000023ddc350, RCX=0x000000000000012c, RDX=0x0000000000000000
RSP=0x000000000227e380, RBP=0x000000000227e490, RSI=0x000000001eac9b50, RDI=0x8007c4bb47aa2726
R8 =0x000000000000012c, R9 =0x0000000000010000, R10=0x000000001eac0360, R11=0x8007c4bb47aa2726
R12=0x000000001ea70670, R13=0x0000000000010000, R14=0x00000001978448a0, R15=0x0000000000000008
RIP=0x0000000074b19baf, EFLAGS=0x0000000000010207

Top of Stack: (sp=0x000000000227e380)
0x000000000227e380:   0000000000780a98 000000007436f187
0x000000000227e390:   0000000023ddc300 0000000000000000
0x000000000227e3a0:   0000000000001000 0000000000000000
0x000000000227e3b0:   000000000227e418 0000000000000002
0x000000000227e3c0:   0000000000000000 0000000000000000
0x000000000227e3d0:   000000000000000c 0000000000000001
0x000000000227e3e0:   0000000000000000 0000000000000000
0x000000000227e3f0:   0000000000001000 0000000000000000
0x000000000227e400:   0000000100000001 0000000000000000
0x000000000227e410:   00000001978449a0 0000000200000001
0x000000000227e420:   0000000023d3fa50 0000000000000001
0x000000000227e430:   000000001ea70670 0000000000000001
0x000000000227e440:   000000000227e4f0 0000000000000000
0x000000000227e450:   0000000000000012 0000000000000000
0x000000000227e460:   0000000000000007 0000000000000000
0x000000000227e470:   0000000000000000 00000000001802a4 

Instructions: (pc=0x0000000074b19baf)
0x0000000074b19b8f:   00 4c 8b d9 49 83 f8 08 72 6b 0f b6 d2 0f ba 25
0x0000000074b19b9f:   08 8d 49 00 01 73 0e 57 48 8b f9 8b c2 49 8b c8
0x0000000074b19baf:   f3 aa 5f eb 5f 49 b9 01 01 01 01 01 01 01 01 49
0x0000000074b19bbf:   0f af d1 49 83 f8 40 72 1e 48 f7 d9 83 e1 07 74 


Register to memory mapping:

RAX=0x0000000000000000 is an unknown value
RBX=0x0000000023ddc350 is an unknown value
RCX=0x000000000000012c is an unknown value
RDX=0x0000000000000000 is an unknown value
RSP=0x000000000227e380 is pointing into the stack for thread: 0x00000000022c1000
RBP=0x000000000227e490 is pointing into the stack for thread: 0x00000000022c1000
RSI=0x000000001eac9b50 is an unknown value
RDI=0x8007c4bb47aa2726 is an unknown value
R8 =0x000000000000012c is an unknown value
R9 =0x0000000000010000 is an unknown value
R10=0x000000001eac0360 is an unknown value
R11=0x8007c4bb47aa2726 is an unknown value
R12=0x000000001ea70670 is an unknown value
R13=0x0000000000010000 is an unknown value
R14=0x00000001978448a0 is an unknown value
R15=0x0000000000000008 is an unknown value


Stack: [0x0000000002180000,0x0000000002280000],  sp=0x000000000227e380,  free space=1016k
Native frames: (J=compiled Java code, j=interpreted, Vv=VM code, C=native code)
C  [atio6axx.dll+0x1819baf]
C  0x0000000000780a98

Java frames: (J=compiled Java code, j=interpreted, Vv=VM code)
J 653  JGL.JGL.glDrawBuffer(I)V (0 bytes) @ 0x000000000266d581 [0x000000000266d540+0x41]
j  framework.Main.main([Ljava/lang/String;)V+3712
v  ~StubRoutines::call_stub

---------------  P R O C E S S  ---------------

Java Threads: ( => current thread )
  0x000000001d6ac800 JavaThread "Java2D Disposer" daemon [_thread_blocked, id=3848, stack(0x000000002a740000,0x000000002a840000)]
  0x000000001b9de000 JavaThread "Service Thread" daemon [_thread_blocked, id=10628, stack(0x000000001d6d0000,0x000000001d7d0000)]
  0x000000001b986000 JavaThread "C1 CompilerThread2" daemon [_thread_blocked, id=10352, stack(0x000000001d1d0000,0x000000001d2d0000)]
  0x000000001b981000 JavaThread "C2 CompilerThread1" daemon [_thread_blocked, id=4216, stack(0x000000001d0d0000,0x000000001d1d0000)]
  0x000000001b97d800 JavaThread "C2 CompilerThread0" daemon [_thread_blocked, id=5552, stack(0x000000001cfd0000,0x000000001d0d0000)]
  0x000000001b97c800 JavaThread "Attach Listener" daemon [_thread_blocked, id=4656, stack(0x000000001ced0000,0x000000001cfd0000)]
  0x000000001b979800 JavaThread "Signal Dispatcher" daemon [_thread_blocked, id=8760, stack(0x000000001cdd0000,0x000000001ced0000)]
  0x00000000023ba800 JavaThread "Finalizer" daemon [_thread_blocked, id=10876, stack(0x000000001cbf0000,0x000000001ccf0000)]
  0x00000000023af800 JavaThread "Reference Handler" daemon [_thread_blocked, id=1064, stack(0x000000001caf0000,0x000000001cbf0000)]
=>0x00000000022c1000 JavaThread "main" [_thread_in_native, id=8220, stack(0x0000000002180000,0x0000000002280000)]

Other Threads:
  0x000000001b948000 VMThread [stack: 0x000000001c9f0000,0x000000001caf0000] [id=11448]
  0x000000001d310800 WatcherThread [stack: 0x000000001d7d0000,0x000000001d8d0000] [id=4292]

VM state:not at safepoint (normal execution)

VM Mutex/Monitor currently owned by a thread: None

Heap:
 PSYoungGen      total 76288K, used 59578K [0x000000076b500000, 0x0000000770a00000, 0x00000007c0000000)
  eden space 65536K, 89% used [0x000000076b500000,0x000000076ee26a10,0x000000076f500000)
  from space 10752K, 9% used [0x000000076f500000,0x000000076f608120,0x000000076ff80000)
  to   space 10752K, 0% used [0x000000076ff80000,0x000000076ff80000,0x0000000770a00000)
 ParOldGen       total 175104K, used 22K [0x00000006c1e00000, 0x00000006cc900000, 0x000000076b500000)
  object space 175104K, 0% used [0x00000006c1e00000,0x00000006c1e05920,0x00000006cc900000)
 Metaspace       used 6719K, capacity 6870K, committed 6912K, reserved 1056768K
  class space    used 706K, capacity 763K, committed 768K, reserved 1048576K

Card table byte_map: [0x0000000011780000,0x0000000011f80000] byte_map_base: 0x000000000e171000

Marking Bits: (ParMarkBitMap*) 0x00000000721b0600
 Begin Bits: [0x00000000128d0000, 0x0000000016858000)
 End Bits:   [0x0000000016858000, 0x000000001a7e0000)

Polling page: 0x0000000000520000

CodeCache: size=245760Kb used=3013Kb max_used=3025Kb free=242746Kb
 bounds [0x00000000023c0000, 0x00000000026c0000, 0x00000000113c0000]
 total_blobs=1156 nmethods=742 adapters=327
 compilation: enabled

Compilation events (10 events):
Event: 3.575 Thread 0x000000001b986000  738       3       java.util.ArrayList$SubList::checkForComodification (23 bytes)
Event: 3.575 Thread 0x000000001b986000 nmethod 738 0x000000000269d250 code [0x000000000269d3c0, 0x000000000269d5e8]
Event: 3.575 Thread 0x000000001b986000  739       3       java.util.ArrayList$SubList$1::next (79 bytes)
Event: 3.576 Thread 0x000000001b986000 nmethod 739 0x00000000026b0510 code [0x00000000026b06c0, 0x00000000026b0b68]
Event: 3.576 Thread 0x000000001b986000  740       3       java.util.ArrayList$SubList$1::checkForComodification (26 bytes)
Event: 3.576 Thread 0x000000001b986000 nmethod 740 0x000000000269cd90 code [0x000000000269cf00, 0x000000000269d128]
Event: 3.580 Thread 0x000000001b986000  741       3       java.awt.Rectangle::<init> (26 bytes)
Event: 3.581 Thread 0x000000001b986000 nmethod 741 0x00000000026affd0 code [0x00000000026b0140, 0x00000000026b03b0]
Event: 3.581 Thread 0x000000001b986000  742       3       java.awt.geom.Rectangle2D::<init> (5 bytes)
Event: 3.581 Thread 0x000000001b986000 nmethod 742 0x00000000026afb90 code [0x00000000026afd00, 0x00000000026aff10]

GC Heap History (2 events):
Event: 1.873 GC heap before
{Heap before GC invocations=1 (full 0):
 PSYoungGen      total 76288K, used 65536K [0x000000076b500000, 0x0000000770a00000, 0x00000007c0000000)
  eden space 65536K, 100% used [0x000000076b500000,0x000000076f500000,0x000000076f500000)
  from space 10752K, 0% used [0x000000076ff80000,0x000000076ff80000,0x0000000770a00000)
  to   space 10752K, 0% used [0x000000076f500000,0x000000076f500000,0x000000076ff80000)
 ParOldGen       total 175104K, used 0K [0x00000006c1e00000, 0x00000006cc900000, 0x000000076b500000)
  object space 175104K, 0% used [0x00000006c1e00000,0x00000006c1e00000,0x00000006cc900000)
 Metaspace       used 6710K, capacity 6870K, committed 6912K, reserved 1056768K
  class space    used 706K, capacity 763K, committed 768K, reserved 1048576K
Event: 1.874 GC heap after
Heap after GC invocations=1 (full 0):
 PSYoungGen      total 76288K, used 1056K [0x000000076b500000, 0x0000000770a00000, 0x00000007c0000000)
  eden space 65536K, 0% used [0x000000076b500000,0x000000076b500000,0x000000076f500000)
  from space 10752K, 9% used [0x000000076f500000,0x000000076f608120,0x000000076ff80000)
  to   space 10752K, 0% used [0x000000076ff80000,0x000000076ff80000,0x0000000770a00000)
 ParOldGen       total 175104K, used 22K [0x00000006c1e00000, 0x00000006cc900000, 0x000000076b500000)
  object space 175104K, 0% used [0x00000006c1e00000,0x00000006c1e05920,0x00000006cc900000)
 Metaspace       used 6710K, capacity 6870K, committed 6912K, reserved 1056768K
  class space    used 706K, capacity 763K, committed 768K, reserved 1048576K
}

Deoptimization events (10 events):
Event: 0.606 Thread 0x00000000022c1000 Uncommon trap: reason=unstable_if action=reinterpret pc=0x0000000002592810 method=com.sun.imageio.plugins.png.PNGImageReader.paethPredictor(III)I @ 34
Event: 0.662 Thread 0x00000000022c1000 Uncommon trap: reason=unstable_if action=reinterpret pc=0x00000000025b2c8c method=sun.awt.image.ByteInterleavedRaster.putByteData(IIII[B)V @ 395
Event: 0.666 Thread 0x00000000022c1000 Uncommon trap: reason=unstable_if action=reinterpret pc=0x00000000025a53c8 method=java.awt.image.ComponentColorModel.getRGB(Ljava/lang/Object;)I @ 4
Event: 0.666 Thread 0x00000000022c1000 Uncommon trap: reason=unstable_if action=reinterpret pc=0x00000000025a3b5c method=java.awt.image.ComponentColorModel.getAlpha(Ljava/lang/Object;)I @ 4
Event: 0.666 Thread 0x00000000022c1000 Uncommon trap: reason=unstable_if action=reinterpret pc=0x00000000025a169c method=java.awt.image.ComponentColorModel.extractComponent(Ljava/lang/Object;II)I @ 4
Event: 0.667 Thread 0x00000000022c1000 Uncommon trap: reason=unstable_if action=reinterpret pc=0x00000000025c7b4c method=java.awt.image.ComponentColorModel.getAlpha(Ljava/lang/Object;)I @ 4
Event: 1.202 Thread 0x00000000022c1000 Uncommon trap: reason=unstable_if action=reinterpret pc=0x000000000264d734 method=framework.Mesh.draw(Lframework/Program;)V @ 21
Event: 1.202 Thread 0x00000000022c1000 Uncommon trap: reason=unstable_if action=reinterpret pc=0x0000000002654f04 method=java.lang.Integer.compare(II)I @ 11
Event: 1.899 Thread 0x00000000022c1000 Uncommon trap: reason=unstable_if action=reinterpret pc=0x0000000002695278 method=framework.Bullet.update(FLframework/Program;)V @ 16
Event: 2.284 Thread 0x00000000022c1000 Uncommon trap: reason=unstable_if action=reinterpret pc=0x0000000002676444 method=java.util.TreeMap.deleteEntry(Ljava/util/TreeMap$Entry;)V @ 207

Internal exceptions (9 events):
Event: 0.022 Thread 0x00000000022c1000 Exception <a 'java/lang/NoSuchMethodError': Method sun.misc.Unsafe.defineClass(Ljava/lang/String;[BII)Ljava/lang/Class; name or signature does not match> (0x000000076b507cc0) thrown at [C:\re\workspace\8-2-build-windows-amd64-cygwin\jdk8u72\5732\hotspot\sr)3/°Mß–?
Event: 0.022 Thread 0x00000000022c1000 Exception <a 'java/lang/NoSuchMethodError': Method sun.misc.Unsafe.prefetchRead(Ljava/lang/Object;J)V name or signature does not match> (0x000000076b507fa8) thrown at [C:\re\workspace\8-2-build-windows-amd64-cygwin\jdk8u72\5732\hotspot\src\share\vm\prims\j8C_NŸÂ?
Event: 0.145 Thread 0x00000000022c1000 Exception <a 'java/security/PrivilegedActionException'> (0x000000076b85d308) thrown at [C:\re\workspace\8-2-build-windows-amd64-cygwin\jdk8u72\5732\hotspot\src\share\vm\prims\jvm.cpp, line 1386]
Event: 0.146 Thread 0x00000000022c1000 Exception <a 'java/security/PrivilegedActionException'> (0x000000076b85d518) thrown at [C:\re\workspace\8-2-build-windows-amd64-cygwin\jdk8u72\5732\hotspot\src\share\vm\prims\jvm.cpp, line 1386]
Event: 0.146 Thread 0x00000000022c1000 Exception <a 'java/security/PrivilegedActionException'> (0x000000076b861360) thrown at [C:\re\workspace\8-2-build-windows-amd64-cygwin\jdk8u72\5732\hotspot\src\share\vm\prims\jvm.cpp, line 1386]
Event: 0.146 Thread 0x00000000022c1000 Exception <a 'java/security/PrivilegedActionException'> (0x000000076b861570) thrown at [C:\re\workspace\8-2-build-windows-amd64-cygwin\jdk8u72\5732\hotspot\src\share\vm\prims\jvm.cpp, line 1386]
Event: 0.532 Thread 0x00000000022c1000 Exception <a 'java/lang/NoSuchFieldError': method resolution failed> (0x000000076b983c08) thrown at [C:\re\workspace\8-2-build-windows-amd64-cygwin\jdk8u72\5732\hotspot\src\share\vm\prims\methodHandles.cpp, line 1146]
Event: 0.533 Thread 0x00000000022c1000 Exception <a 'java/lang/NoSuchFieldError': method resolution failed> (0x000000076b990fa8) thrown at [C:\re\workspace\8-2-build-windows-amd64-cygwin\jdk8u72\5732\hotspot\src\share\vm\prims\methodHandles.cpp, line 1146]
Event: 0.588 Thread 0x00000000022c1000 Exception <a 'java/io/FileNotFoundException'> (0x000000076baade98) thrown at [C:\re\workspace\8-2-build-windows-amd64-cygwin\jdk8u72\5732\hotspot\src\share\vm\prims\jni.cpp, line 709]

Events (10 events):
Event: 1.202 Thread 0x00000000022c1000 DEOPT PACKING pc=0x0000000002654f04 sp=0x000000000227eef0
Event: 1.202 Thread 0x00000000022c1000 DEOPT UNPACKING pc=0x000000000240582a sp=0x000000000227ec30 mode 2
Event: 1.873 Executing VM operation: ParallelGCFailedAllocation
Event: 1.874 Executing VM operation: ParallelGCFailedAllocation done
Event: 1.899 Thread 0x00000000022c1000 Uncommon trap: trap_request=0xffffff65 fr.pc=0x0000000002695278
Event: 1.899 Thread 0x00000000022c1000 DEOPT PACKING pc=0x0000000002695278 sp=0x000000000227f050
Event: 1.899 Thread 0x00000000022c1000 DEOPT UNPACKING pc=0x000000000240582a sp=0x000000000227f018 mode 2
Event: 2.284 Thread 0x00000000022c1000 Uncommon trap: trap_request=0xffffff65 fr.pc=0x0000000002676444
Event: 2.284 Thread 0x00000000022c1000 DEOPT PACKING pc=0x0000000002676444 sp=0x000000000227f130
Event: 2.284 Thread 0x00000000022c1000 DEOPT UNPACKING pc=0x000000000240582a sp=0x000000000227f068 mode 2


Dynamic libraries:
0x00007ff7be6b0000 - 0x00007ff7be6e7000 	C:\Program Files\Java\jdk1.8.0_72\bin\java.exe
0x00007ff99b6c0000 - 0x00007ff99b881000 	C:\Windows\SYSTEM32\ntdll.dll
0x00007ff998bd0000 - 0x00007ff998c7d000 	C:\Windows\system32\KERNEL32.DLL
0x00007ff998660000 - 0x00007ff998848000 	C:\Windows\system32\KERNELBASE.dll
0x00007ff999110000 - 0x00007ff9991b7000 	C:\Windows\system32\ADVAPI32.dll
0x00007ff999070000 - 0x00007ff99910d000 	C:\Windows\system32\msvcrt.dll
0x00007ff999350000 - 0x00007ff9993ab000 	C:\Windows\system32\sechost.dll
0x00007ff999230000 - 0x00007ff99934c000 	C:\Windows\system32\RPCRT4.dll
0x00007ff999690000 - 0x00007ff9997e6000 	C:\Windows\system32\USER32.dll
0x00007ff99b530000 - 0x00007ff99b6b6000 	C:\Windows\system32\GDI32.dll
0x00007ff990810000 - 0x00007ff990a84000 	C:\Windows\WinSxS\amd64_microsoft.windows.common-controls_6595b64144ccf1df_6.0.10586.0_none_8c15ae12515e1c22\COMCTL32.dll
0x00007ff99ad60000 - 0x00007ff99afdd000 	C:\Windows\system32\combase.dll
0x00007ff9983c0000 - 0x00007ff99842a000 	C:\Windows\system32\bcryptPrimitives.dll
0x00007ff99b4f0000 - 0x00007ff99b52b000 	C:\Windows\system32\IMM32.DLL
0x0000000072230000 - 0x0000000072302000 	C:\Program Files\Java\jdk1.8.0_72\jre\bin\msvcr100.dll
0x00000000719a0000 - 0x0000000072230000 	C:\Program Files\Java\jdk1.8.0_72\jre\bin\server\jvm.dll
0x00007ff99b470000 - 0x00007ff99b478000 	C:\Windows\system32\PSAPI.DLL
0x00007ff980950000 - 0x00007ff980959000 	C:\Windows\SYSTEM32\WSOCK32.dll
0x00007ff995dd0000 - 0x00007ff995df3000 	C:\Windows\SYSTEM32\WINMM.dll
0x00007ff993200000 - 0x00007ff99320a000 	C:\Windows\SYSTEM32\VERSION.dll
0x00007ff999570000 - 0x00007ff9995db000 	C:\Windows\system32\WS2_32.dll
0x0000000002150000 - 0x000000000217c000 	C:\Windows\SYSTEM32\WINMMBASE.dll
0x00007ff998850000 - 0x00007ff998893000 	C:\Windows\system32\cfgmgr32.dll
0x0000000050000000 - 0x000000005000f000 	C:\Program Files\Java\jdk1.8.0_72\jre\bin\verify.dll
0x0000000071970000 - 0x0000000071999000 	C:\Program Files\Java\jdk1.8.0_72\jre\bin\java.dll
0x0000000071950000 - 0x0000000071966000 	C:\Program Files\Java\jdk1.8.0_72\jre\bin\zip.dll
0x00007ff999800000 - 0x00007ff99ad5c000 	C:\Windows\system32\SHELL32.dll
0x00007ff997d70000 - 0x00007ff9983b5000 	C:\Windows\system32\windows.storage.dll
0x00007ff9991c0000 - 0x00007ff999212000 	C:\Windows\system32\shlwapi.dll
0x00007ff997d10000 - 0x00007ff997d1f000 	C:\Windows\system32\kernel.appcore.dll
0x00007ff998930000 - 0x00007ff9989e5000 	C:\Windows\system32\shcore.dll
0x00007ff997d20000 - 0x00007ff997d6b000 	C:\Windows\system32\powrprof.dll
0x00007ff997ce0000 - 0x00007ff997cf4000 	C:\Windows\system32\profapi.dll
0x00007ff9976c0000 - 0x00007ff9976d7000 	C:\Windows\SYSTEM32\CRYPTSP.dll
0x00007ff997350000 - 0x00007ff997384000 	C:\Windows\system32\rsaenh.dll
0x00007ff9978e0000 - 0x00007ff997909000 	C:\Windows\SYSTEM32\bcrypt.dll
0x00007ff9974a0000 - 0x00007ff9974bf000 	C:\Windows\SYSTEM32\USERENV.dll
0x00007ff9977e0000 - 0x00007ff9977eb000 	C:\Windows\SYSTEM32\CRYPTBASE.dll
0x0000000071930000 - 0x000000007194a000 	C:\Program Files\Java\jdk1.8.0_72\jre\bin\net.dll
0x00007ff997610000 - 0x00007ff99766c000 	C:\Windows\system32\mswsock.dll
0x00007ff994ee0000 - 0x00007ff994f18000 	C:\Windows\SYSTEM32\IPHLPAPI.DLL
0x00007ff9997f0000 - 0x00007ff9997f8000 	C:\Windows\system32\NSI.dll
0x00007ff992240000 - 0x00007ff992256000 	C:\Windows\SYSTEM32\dhcpcsvc6.DLL
0x00007ff992200000 - 0x00007ff99221a000 	C:\Windows\SYSTEM32\dhcpcsvc.DLL
0x0000000071910000 - 0x0000000071921000 	C:\Program Files\Java\jdk1.8.0_72\jre\bin\nio.dll
0x00007ff97b080000 - 0x00007ff97b16b000 	C:\Users\skyler\AppData\Local\Temp\6568969517658548741\SDL2.dll
0x00007ff998f20000 - 0x00007ff999063000 	C:\Windows\system32\ole32.dll
0x00007ff998e50000 - 0x00007ff998f11000 	C:\Windows\system32\OLEAUT32.dll
0x00007ff98e250000 - 0x00007ff98e260000 	C:\Users\skyler\AppData\Local\Temp\6568969517658548741\JSDL.dll
0x00007ff9807a0000 - 0x00007ff98088f000 	C:\Windows\SYSTEM32\MSVCR120.dll
0x00007ff9843f0000 - 0x00007ff984519000 	C:\Windows\SYSTEM32\OPENGL32.DLL
0x00007ff984380000 - 0x00007ff9843ae000 	C:\Windows\SYSTEM32\GLU32.dll
0x00007ff984280000 - 0x00007ff98437a000 	C:\Windows\SYSTEM32\DDRAW.dll
0x00007ff984a10000 - 0x00007ff984a18000 	C:\Windows\SYSTEM32\DCIMAN32.dll
0x00007ff9965b0000 - 0x00007ff996646000 	C:\Windows\system32\uxtheme.dll
0x00007ff9993b0000 - 0x00007ff99950a000 	C:\Windows\system32\MSCTF.dll
0x00007ff97a950000 - 0x00007ff97a97b000 	C:\PROGRA~2\RAPTRI~1\PlaysTV\ltc_help64-112298.dll
0x00007ff998600000 - 0x00007ff998655000 	C:\Windows\system32\WINTRUST.dll
0x00007ff997d00000 - 0x00007ff997d10000 	C:\Windows\system32\MSASN1.dll
0x00007ff998430000 - 0x00007ff9985f7000 	C:\Windows\system32\CRYPT32.dll
0x00007ff9761c0000 - 0x00007ff9761eb000 	C:\PROGRA~2\RAPTRI~1\Raptr\ltc_help64-112298.dll
0x00007ff995cd0000 - 0x00007ff995cf2000 	C:\Windows\system32\dwmapi.dll
0x00007ff97b550000 - 0x00007ff97b568000 	C:\Windows\SYSTEM32\atig6pxx.dll
0x0000000073300000 - 0x0000000075198000 	C:\Windows\SYSTEM32\atio6axx.dll
0x00007ff99afe0000 - 0x00007ff99b409000 	C:\Windows\system32\SETUPAPI.dll
0x00007ff9783a0000 - 0x00007ff9784e8000 	C:\Windows\SYSTEM32\atiadlxx.dll
0x00007ff9958f0000 - 0x00007ff995903000 	C:\Windows\SYSTEM32\WTSAPI32.dll
0x00007ff995740000 - 0x00007ff9958c6000 	C:\Windows\SYSTEM32\PROPSYS.dll
0x00007ff996700000 - 0x00007ff996727000 	C:\Windows\SYSTEM32\DEVOBJ.dll
0x00007ff97a040000 - 0x00007ff97a06c000 	C:\Windows\SYSTEM32\atig6txx.dll
0x00007ff9995e0000 - 0x00007ff999687000 	C:\Windows\system32\clbcatq.dll
0x00007ff982d10000 - 0x00007ff982d4d000 	C:\Users\skyler\AppData\Local\Temp\6568969517658548741\JGL.dll
0x0000000071770000 - 0x0000000071908000 	C:\Program Files\Java\jdk1.8.0_72\jre\bin\awt.dll
0x00007ff9964d0000 - 0x00007ff996549000 	C:\Windows\system32\apphelp.dll
0x0000000071730000 - 0x0000000071761000 	C:\Program Files\Java\jdk1.8.0_72\jre\bin\jpeg.dll
0x00007ff97aa40000 - 0x00007ff97abcc000 	C:\Windows\SYSTEM32\dbghelp.dll

VM Arguments:
jvm_args: -Dfile.encoding=UTF-8 -Djava.library.path=/usr/lib64/jogl2 
java_command: framework.Main
java_class_path (initial): F:\CG2\JGLSDL.jar;F:\CG2\valhalla\build\classes
Launcher Type: SUN_STANDARD

Environment Variables:
JAVA_HOME=F:\NVPACK\jdk1.7.0_71
PATH=C:\ProgramData\Oracle\Java\javapath;C:\Program Files (x86)\NVIDIA Corporation\PhysX\Common;C:\Windows\system32;C:\Windows;C:\Windows\System32\Wbem;C:\Windows\System32\WindowsPowerShell\v1.0\;C:\Program Files (x86)\ATI Technologies\ATI.ACE\Core-Static;C:\Program Files (x86)\AMD\ATI.ACE\Core-Static;F:\cygwin64\bin;C:\Python32;C:\Program Files (x86)\Windows Kits\8.1\Windows Performance Toolkit\;C:\Program Files\Microsoft SQL Server\110\Tools\Binn\;C:\Program Files (x86)\Microsoft SDKs\TypeScript\1.0\;C:\Program Files\Microsoft SQL Server\120\Tools\Binn\;C:\Program Files\TortoiseSVN\bin;F:\Program Files\TortoiseGit\bin;F:\NVPACK\android-sdk-windows\platform-tools;F:\android-ndk-r10e;F:\NVPACK\jdk1.7.0_71\bin;F:\Android\apache-ant-1.9.6\bin;F:\Android\sdk\platform-tools;F:\Android\sdk\tools;C:\Program Files (x86)\GtkSharp\2.12\bin;F:\Program Files (x86)\QuickTime\QTSystem\;F:\Program Files (x86)\GnuWin32\bin;C:\Program Files\nodejs\;C:\RailsInstaller\Git\cmd;C:\RailsInstaller\Ruby2.2.0\bin;C:\Users\skyler\AppData\Roaming\npm
USERNAME=skyler
OS=Windows_NT
PROCESSOR_IDENTIFIER=Intel64 Family 6 Model 60 Stepping 3, GenuineIntel



---------------  S Y S T E M  ---------------

OS: Windows 10.0 , 64 bit Build 10586 (10.0.10586.0)

CPU:total 4 (4 cores per cpu, 1 threads per core) family 6 model 60 stepping 3, cmov, cx8, fxsr, mmx, sse, sse2, sse3, ssse3, sse4.1, sse4.2, popcnt, avx, avx2, aes, clmul, erms, lzcnt, tsc, tscinvbit, bmi1, bmi2

Memory: 4k page, physical 16651120k(10891160k free), swap 19141488k(4509664k free)

vm_info: Java HotSpot(TM) 64-Bit Server VM (25.72-b15) for windows-amd64 JRE (1.8.0_72-b15), built on Dec 22 2015 19:16:16 by "java_re" with MS VC++ 10.0 (VS2010)

time: Thu May 05 02:52:03 2016
elapsed time: 3 seconds (0d 0h 0m 3s)

